<?xml version="1.0" encoding="UTF-8"?>
<testng-results skipped="0" failed="0" ignored="0" total="1" passed="1">
  <reporter-output>
  </reporter-output>
  <suite name="Default suite" duration-ms="38235" started-at="2018-12-28T05:09:03Z" finished-at="2018-12-28T05:09:41Z">
    <groups>
    </groups>
    <test name="Default test" duration-ms="38235" started-at="2018-12-28T05:09:03Z" finished-at="2018-12-28T05:09:41Z">
      <class name="com.training.sanity.tests.RTTC054Test">
        <test-method status="PASS" signature="setUpBeforeClass()[pri:0, instance:com.training.sanity.tests.RTTC054Test@47c62251]" name="setUpBeforeClass" is-config="true" duration-ms="16" started-at="2018-12-28T05:09:03Z" finished-at="2018-12-28T05:09:03Z">
          <reporter-output>
          </reporter-output>
        </test-method> <!-- setUpBeforeClass -->
        <test-method status="PASS" signature="setUp()[pri:0, instance:com.training.sanity.tests.RTTC054Test@47c62251]" name="setUp" is-config="true" duration-ms="15519" started-at="2018-12-28T05:09:03Z" finished-at="2018-12-28T05:09:19Z">
          <reporter-output>
          </reporter-output>
        </test-method> <!-- setUp -->
        <test-method status="PASS" signature="PlaceOrderByAdmin()[pri:0, instance:com.training.sanity.tests.RTTC054Test@47c62251]" name="PlaceOrderByAdmin" duration-ms="19464" started-at="2018-12-28T05:09:19Z" finished-at="2018-12-28T05:09:38Z">
          <reporter-output>
          </reporter-output>
        </test-method> <!-- PlaceOrderByAdmin -->
        <test-method status="PASS" signature="tearDown()[pri:0, instance:com.training.sanity.tests.RTTC054Test@47c62251]" name="tearDown" is-config="true" duration-ms="3196" started-at="2018-12-28T05:09:38Z" finished-at="2018-12-28T05:09:41Z">
          <reporter-output>
          </reporter-output>
        </test-method> <!-- tearDown -->
      </class> <!-- com.training.sanity.tests.RTTC054Test -->
    </test> <!-- Default test -->
  </suite> <!-- Default suite -->
</testng-results>
