<?xml version="1.0" encoding="UTF-8"?>
<testng-results skipped="0" failed="0" ignored="0" total="1" passed="1">
  <reporter-output>
  </reporter-output>
  <suite name="Default suite" duration-ms="36043" started-at="2018-12-31T11:56:47Z" finished-at="2018-12-31T11:57:23Z">
    <groups>
    </groups>
    <test name="Default test" duration-ms="36043" started-at="2018-12-31T11:56:47Z" finished-at="2018-12-31T11:57:23Z">
      <class name="com.training.sanity.tests.RTTC052Test">
        <test-method status="PASS" signature="setUpBeforeClass()[pri:0, instance:com.training.sanity.tests.RTTC052Test@27efef64]" name="setUpBeforeClass" is-config="true" duration-ms="30" started-at="2018-12-31T11:56:47Z" finished-at="2018-12-31T11:56:47Z">
          <reporter-output>
          </reporter-output>
        </test-method> <!-- setUpBeforeClass -->
        <test-method status="PASS" signature="setUp()[pri:0, instance:com.training.sanity.tests.RTTC052Test@27efef64]" name="setUp" is-config="true" duration-ms="15153" started-at="2018-12-31T11:56:47Z" finished-at="2018-12-31T11:57:02Z">
          <reporter-output>
          </reporter-output>
        </test-method> <!-- setUp -->
        <test-method status="PASS" signature="GiveRewardPointstoCustomer()[pri:0, instance:com.training.sanity.tests.RTTC052Test@27efef64]" name="GiveRewardPointstoCustomer" duration-ms="18807" started-at="2018-12-31T11:57:02Z" finished-at="2018-12-31T11:57:21Z">
          <reporter-output>
          </reporter-output>
        </test-method> <!-- GiveRewardPointstoCustomer -->
        <test-method status="PASS" signature="tearDown()[pri:0, instance:com.training.sanity.tests.RTTC052Test@27efef64]" name="tearDown" is-config="true" duration-ms="2008" started-at="2018-12-31T11:57:21Z" finished-at="2018-12-31T11:57:23Z">
          <reporter-output>
          </reporter-output>
        </test-method> <!-- tearDown -->
      </class> <!-- com.training.sanity.tests.RTTC052Test -->
    </test> <!-- Default test -->
  </suite> <!-- Default suite -->
</testng-results>
