<?xml version="1.0" encoding="UTF-8"?>
<!-- Generated by org.testng.reporters.JUnitXMLReporter -->
<testsuite hostname="soombose" ignored="0" name="Default test" tests="2" failures="0" timestamp="10 Jan 2019 13:19:13 GMT" time="111.387" errors="0">
  <testcase name="CreateProductInAdmin" time="39.013" classname="com.training.sanity.tests.RTTC084Test"/>
  <testcase name="VerifyProductInUserApp" time="39.681" classname="com.training.sanity.tests.RTTC084Test"/>
</testsuite> <!-- Default test -->
